c:\users\kata\desktop\oop\vjezba2\vjezba2zadatak1\vjezba2zadatak3\debug\vc142.pdb
c:\users\kata\desktop\oop\vjezba2\vjezba2zadatak1\vjezba2zadatak3\debug\vc142.idb
c:\users\kata\desktop\vjezba2zadatak3\debug\vc142.pdb
c:\users\kata\desktop\vjezba2zadatak3\debug\vc142.idb
c:\users\kata\desktop\vjezba2zadatak3\debug\main.obj
c:\users\kata\desktop\oop\vjezba2\vjezba2zadatak3\debug\vc142.pdb
c:\users\kata\desktop\oop\vjezba2\vjezba2zadatak3\debug\vc142.idb
c:\users\kata\desktop\oop\vjezba2\vjezba2zadatak3\debug\main.obj
c:\users\kata\desktop\vjezba2zadatak3\debug\vjezba2zadatak3.ilk
c:\users\kata\desktop\vjezba2zadatak3\debug\vjezba2zadatak3.exe
c:\users\kata\desktop\vjezba2zadatak3\debug\vjezba2zadatak3.pdb
c:\users\kata\desktop\oop\vjezba2\vjezba2zadatak3\debug\vjezba2zadatak3.exe
c:\users\kata\desktop\oop\vjezba2\vjezba2zadatak3\debug\vjezba2zadatak3.ilk
c:\users\kata\desktop\oop\vjezba2\vjezba2zadatak3\debug\vjezba2zadatak3.pdb
c:\users\kata\desktop\oop\vjezba2\vjezba2zadatak3\debug\circlerectangleuntersect.obj
c:\users\kata\desktop\oop\vjezba2\vjezba2zadatak3\debug\vjezba2zadatak3.obj
c:\users\kata\desktop\oop\vjezba2\vjezba2zadatak3\debug\vjezba2zadatak3.tlog\cl.command.1.tlog
c:\users\kata\desktop\oop\vjezba2\vjezba2zadatak3\debug\vjezba2zadatak3.tlog\cl.read.1.tlog
c:\users\kata\desktop\oop\vjezba2\vjezba2zadatak3\debug\vjezba2zadatak3.tlog\cl.write.1.tlog
c:\users\kata\desktop\oop\vjezba2\vjezba2zadatak3\debug\vjezba2zadatak3.tlog\link.command.1.tlog
c:\users\kata\desktop\oop\vjezba2\vjezba2zadatak3\debug\vjezba2zadatak3.tlog\link.read.1.tlog
c:\users\kata\desktop\oop\vjezba2\vjezba2zadatak3\debug\vjezba2zadatak3.tlog\link.write.1.tlog
